<?xml version="1.0" encoding="UTF-8"?>
<!-- Generated by org.testng.reporters.JUnitXMLReporter -->
<testsuite ignored="0" hostname="MSI" failures="0" tests="4" name="Default test" time="45.01" errors="0" timestamp="2026-01-23T00:13:34 IST">
  <testcase classname="test_package.LoginPage_TestingClass" name="verifyloginTest" time="15.752"/>
  <testcase classname="test_package.LoginPage_TestingClass" name="verifyloginTest" time="4.854"/>
  <testcase classname="test_package.LoginPage_TestingClass" name="verifyloginTest" time="4.362"/>
  <testcase classname="test_package.LoginPage_TestingClass" name="verifyloginTest" time="4.582"/>
</testsuite> <!-- Default test -->
