<?xml version="1.0" encoding="UTF-8"?>
<!-- Generated by org.testng.reporters.JUnitXMLReporter -->
<testsuite ignored="0" hostname="MSI" failures="0" tests="4" name="ChromTest1" time="38.895" errors="0" timestamp="2025-03-11T20:11:53 IST">
  <testcase classname="test_package.LoginPage_TestingClass" name="VerifyloginTest" time="11.063"/>
  <testcase classname="test_package.LoginPage_TestingClass" name="VerifyloginTest" time="5.324"/>
  <testcase classname="test_package.LoginPage_TestingClass" name="VerifyloginTest" time="5.339"/>
  <testcase classname="test_package.LoginPage_TestingClass" name="VerifyloginTest" time="5.332"/>
</testsuite> <!-- ChromTest1 -->
