<?xml version="1.0" encoding="UTF-8"?>
<!-- Generated by org.testng.reporters.JUnitXMLReporter -->
<testsuite ignored="0" hostname="MSI" failures="0" tests="4" name="Smoke1" time="0.306" errors="0" timestamp="2025-11-24T01:57:55 IST">
  <testcase classname="test_package.LoginPage_TestingClass" name="verifyloginTest" time="0.0">
    <skipped/>
  </testcase> <!-- verifyloginTest -->
  <testcase classname="test_package.LoginPage_TestingClass" name="verifyloginTest" time="0.0">
    <skipped/>
  </testcase> <!-- verifyloginTest -->
  <testcase classname="test_package.LoginPage_TestingClass" name="verifyloginTest" time="0.0">
    <skipped/>
  </testcase> <!-- verifyloginTest -->
  <testcase classname="test_package.LoginPage_TestingClass" name="verifyloginTest" time="0.0">
    <skipped/>
  </testcase> <!-- verifyloginTest -->
</testsuite> <!-- Smoke1 -->
