<?xml version="1.0" encoding="UTF-8"?>
<!-- Generated by org.testng.reporters.JUnitXMLReporter -->
<testsuite ignored="0" hostname="MSI" failures="0" tests="6" name="RegressionTest" time="259.187" errors="0" timestamp="2026-01-13T23:38:00 IST">
  <testcase classname="test_package.HomePage_TestingClass" name="verifyAdminOption" time="6.777"/>
  <testcase classname="test_package.HomePage_TestingClass" name="verifyUserCreationData" time="46.738"/>
  <testcase classname="test_package.HomePage_TestingClass" name="verifyCompanyNameInAboutWindowOption" time="8.938"/>
  <testcase classname="test_package.HomePage_TestingClass" name="validateFileUploadAndImageUpload" time="37.513"/>
  <testcase classname="test_package.HomePage_TestingClass" name="validateInfoImageupdated" time="22.63"/>
  <testcase classname="test_package.HomePage_TestingClass" name="verifyEmployeeTableData" time="13.034"/>
</testsuite> <!-- RegressionTest -->
