<?xml version="1.0" encoding="UTF-8"?>
<!-- Generated by org.testng.reporters.JUnitXMLReporter -->
<testsuite ignored="7" hostname="MSI" failures="0" tests="5" name="Test_1" time="70.949" errors="0" timestamp="2026-01-24T01:17:42 IST">
  <testcase classname="test_package.LoginPage_TestingClass" name="verifyloginTest" time="15.346"/>
  <testcase classname="test_package.LoginPage_TestingClass" name="verifyloginTest" time="4.556"/>
  <testcase classname="test_package.LoginPage_TestingClass" name="verifyloginTest" time="4.148"/>
  <testcase classname="test_package.LoginPage_TestingClass" name="verifyloginTest" time="4.466"/>
  <testcase classname="test_package.HomePage_TestingClass" name="verifyCompanyNameInAboutWindowOption" time="9.485"/>
  <testcase classname="test_package.HomePage_TestingClass" name="verifyUserCreationData" time="0.0">
    <ignored/>
  </testcase> <!-- verifyUserCreationData -->
  <testcase classname="base_package.BaseClass" name="@BeforeSuite setupSuite" time="0.0">
    <ignored/>
  </testcase> <!-- @BeforeSuite setupSuite -->
  <testcase classname="test_package.HomePage_TestingClass" name="verifyAdminOption" time="0.0">
    <ignored/>
  </testcase> <!-- verifyAdminOption -->
  <testcase classname="base_package.BaseClass" name="@AfterSuite tearDownSuite" time="0.0">
    <ignored/>
  </testcase> <!-- @AfterSuite tearDownSuite -->
  <testcase classname="test_package.HomePage_TestingClass" name="verifyEmployeeTableData" time="0.0">
    <ignored/>
  </testcase> <!-- verifyEmployeeTableData -->
  <testcase classname="test_package.HomePage_TestingClass" name="validateFileUploadAndImageUpload" time="0.0">
    <ignored/>
  </testcase> <!-- validateFileUploadAndImageUpload -->
  <testcase classname="test_package.HomePage_TestingClass" name="validateInfoImageupdated" time="0.0">
    <ignored/>
  </testcase> <!-- validateInfoImageupdated -->
</testsuite> <!-- Test_1 -->
