<?xml version="1.0" encoding="UTF-8"?>
<!-- Generated by org.testng.reporters.JUnitXMLReporter -->
<testsuite ignored="6" hostname="MSI" failures="0" tests="3" name="Test_1" time="154.384" errors="0" timestamp="2026-01-29T23:21:12 IST">
  <testcase classname="test_package.HomePage_TestingClass" name="verifyAdminOption" time="15.942"/>
  <testcase classname="test_package.HomePage_TestingClass" name="verifyUserCreationData" time="57.309"/>
  <testcase classname="test_package.HomePage_TestingClass" name="verifyEmployeeTableData" time="15.316"/>
  <testcase classname="test_package.HomePage_TestingClass" name="validateInfoImageupdated" time="0.0">
    <ignored/>
  </testcase> <!-- validateInfoImageupdated -->
  <testcase classname="test_package.HomePage_TestingClass" name="verifyCompanyNameInAboutWindowOption" time="0.0">
    <ignored/>
  </testcase> <!-- verifyCompanyNameInAboutWindowOption -->
  <testcase classname="test_package.HomePage_TestingClass" name="validateFileUploadAndImageUpload" time="0.0">
    <ignored/>
  </testcase> <!-- validateFileUploadAndImageUpload -->
  <testcase classname="base_package.BaseClass" name="@BeforeSuite setupSuite" time="0.0">
    <ignored/>
  </testcase> <!-- @BeforeSuite setupSuite -->
  <testcase classname="test_package.LoginPage_TestingClass" name="verifyloginTest" time="0.0">
    <ignored/>
  </testcase> <!-- verifyloginTest -->
  <testcase classname="base_package.BaseClass" name="@AfterSuite tearDownSuite" time="0.0">
    <ignored/>
  </testcase> <!-- @AfterSuite tearDownSuite -->
</testsuite> <!-- Test_1 -->
