<?xml version="1.0" encoding="UTF-8"?>
<!-- Generated by org.testng.reporters.JUnitXMLReporter -->
<testsuite ignored="5" hostname="MSI" failures="0" tests="3" name="Test_1" time="0.277" errors="0" timestamp="2026-01-23T14:34:29 IST">
  <testcase classname="test_package.HomePage_TestingClass" name="@BeforeClass launchApplication" time="0.008">
    <failure type="java.lang.NullPointerException" message="Cannot invoke &amp;quot;org.openqa.selenium.WebDriver.get(String)&amp;quot; because &amp;quot;base_package.BaseClass.driver&amp;quot; is null">
      <![CDATA[java.lang.NullPointerException: Cannot invoke "org.openqa.selenium.WebDriver.get(String)" because "base_package.BaseClass.driver" is null
at base_package.BaseClass.getURL(BaseClass.java:127)
at test_package.HomePage_TestingClass.launchApplication(HomePage_TestingClass.java:144)
at java.base/java.util.ArrayList.forEach(ArrayList.java:1596)
... Removed 23 stack frames]]>
    </failure>
  </testcase> <!-- @BeforeClass launchApplication -->
  <testcase classname="test_package.HomePage_TestingClass" name="@BeforeMethod LoginInToTheApplication" time="0.0">
    <failure type="java.lang.NullPointerException" message="Cannot invoke &amp;quot;org.apache.log4j.Logger.info(Object)&amp;quot; because &amp;quot;test_package.HomePage_TestingClass.logger&amp;quot; is null">
      <![CDATA[java.lang.NullPointerException: Cannot invoke "org.apache.log4j.Logger.info(Object)" because "test_package.HomePage_TestingClass.logger" is null
at test_package.HomePage_TestingClass.LoginInToTheApplication(HomePage_TestingClass.java:165)
at java.base/java.util.ArrayList.forEach(ArrayList.java:1596)
... Removed 29 stack frames]]>
    </failure>
  </testcase> <!-- @BeforeMethod LoginInToTheApplication -->
  <testcase classname="test_package.HomePage_TestingClass" name="@AfterMethod ClosedTheApplication" time="0.001">
    <failure type="java.lang.NullPointerException" message="Cannot invoke &amp;quot;pom_package.HomePageOrangeHRM.clickAccoutDropDown()&amp;quot; because &amp;quot;this.homepageoranghrm&amp;quot; is null">
      <![CDATA[java.lang.NullPointerException: Cannot invoke "pom_package.HomePageOrangeHRM.clickAccoutDropDown()" because "this.homepageoranghrm" is null
at test_package.HomePage_TestingClass.ClosedTheApplication(HomePage_TestingClass.java:428)
at java.base/java.util.ArrayList.forEach(ArrayList.java:1596)
... Removed 30 stack frames]]>
    </failure>
  </testcase> <!-- @AfterMethod ClosedTheApplication -->
  <testcase classname="test_package.HomePage_TestingClass" name="@BeforeMethod LoginInToTheApplication" time="0.0">
    <failure type="java.lang.NullPointerException" message="Cannot invoke &amp;quot;org.apache.log4j.Logger.info(Object)&amp;quot; because &amp;quot;test_package.HomePage_TestingClass.logger&amp;quot; is null">
      <![CDATA[java.lang.NullPointerException: Cannot invoke "org.apache.log4j.Logger.info(Object)" because "test_package.HomePage_TestingClass.logger" is null
at test_package.HomePage_TestingClass.LoginInToTheApplication(HomePage_TestingClass.java:165)
at java.base/java.util.ArrayList.forEach(ArrayList.java:1596)
... Removed 29 stack frames]]>
    </failure>
  </testcase> <!-- @BeforeMethod LoginInToTheApplication -->
  <testcase classname="test_package.HomePage_TestingClass" name="@AfterMethod ClosedTheApplication" time="0.001">
    <failure type="java.lang.NullPointerException" message="Cannot invoke &amp;quot;pom_package.HomePageOrangeHRM.clickAccoutDropDown()&amp;quot; because &amp;quot;this.homepageoranghrm&amp;quot; is null">
      <![CDATA[java.lang.NullPointerException: Cannot invoke "pom_package.HomePageOrangeHRM.clickAccoutDropDown()" because "this.homepageoranghrm" is null
at test_package.HomePage_TestingClass.ClosedTheApplication(HomePage_TestingClass.java:428)
at java.base/java.util.ArrayList.forEach(ArrayList.java:1596)
... Removed 30 stack frames]]>
    </failure>
  </testcase> <!-- @AfterMethod ClosedTheApplication -->
  <testcase classname="test_package.HomePage_TestingClass" name="@BeforeMethod LoginInToTheApplication" time="0.0">
    <failure type="java.lang.NullPointerException" message="Cannot invoke &amp;quot;org.apache.log4j.Logger.info(Object)&amp;quot; because &amp;quot;test_package.HomePage_TestingClass.logger&amp;quot; is null">
      <![CDATA[java.lang.NullPointerException: Cannot invoke "org.apache.log4j.Logger.info(Object)" because "test_package.HomePage_TestingClass.logger" is null
at test_package.HomePage_TestingClass.LoginInToTheApplication(HomePage_TestingClass.java:165)
at java.base/java.util.ArrayList.forEach(ArrayList.java:1596)
... Removed 29 stack frames]]>
    </failure>
  </testcase> <!-- @BeforeMethod LoginInToTheApplication -->
  <testcase classname="test_package.HomePage_TestingClass" name="@AfterMethod ClosedTheApplication" time="0.0">
    <failure type="java.lang.NullPointerException" message="Cannot invoke &amp;quot;pom_package.HomePageOrangeHRM.clickAccoutDropDown()&amp;quot; because &amp;quot;this.homepageoranghrm&amp;quot; is null">
      <![CDATA[java.lang.NullPointerException: Cannot invoke "pom_package.HomePageOrangeHRM.clickAccoutDropDown()" because "this.homepageoranghrm" is null
at test_package.HomePage_TestingClass.ClosedTheApplication(HomePage_TestingClass.java:428)
at java.base/java.util.ArrayList.forEach(ArrayList.java:1596)
... Removed 30 stack frames]]>
    </failure>
  </testcase> <!-- @AfterMethod ClosedTheApplication -->
  <testcase classname="base_package.BaseClass" name="@AfterTest closedBrowser" time="0.001">
    <failure type="java.lang.NullPointerException" message="Cannot invoke &amp;quot;org.openqa.selenium.WebDriver.quit()&amp;quot; because &amp;quot;base_package.BaseClass.driver&amp;quot; is null">
      <![CDATA[java.lang.NullPointerException: Cannot invoke "org.openqa.selenium.WebDriver.quit()" because "base_package.BaseClass.driver" is null
at base_package.BaseClass.closedBrowser(BaseClass.java:137)
... Removed 22 stack frames]]>
    </failure>
  </testcase> <!-- @AfterTest closedBrowser -->
  <testcase classname="test_package.HomePage_TestingClass" name="verifyAdminOption" time="0.0">
    <skipped/>
  </testcase> <!-- verifyAdminOption -->
  <testcase classname="test_package.HomePage_TestingClass" name="verifyUserCreationData" time="0.0">
    <skipped/>
  </testcase> <!-- verifyUserCreationData -->
  <testcase classname="test_package.HomePage_TestingClass" name="verifyEmployeeTableData" time="0.0">
    <skipped/>
  </testcase> <!-- verifyEmployeeTableData -->
  <testcase classname="test_package.HomePage_TestingClass" name="validateInfoImageupdated" time="0.0">
    <ignored/>
  </testcase> <!-- validateInfoImageupdated -->
  <testcase classname="base_package.BaseClass" name="@AfterTest closedBrowser" time="0.0">
    <ignored/>
  </testcase> <!-- @AfterTest closedBrowser -->
  <testcase classname="test_package.HomePage_TestingClass" name="validateFileUploadAndImageUpload" time="0.0">
    <ignored/>
  </testcase> <!-- validateFileUploadAndImageUpload -->
  <testcase classname="test_package.HomePage_TestingClass" name="verifyCompanyNameInAboutWindowOption" time="0.0">
    <ignored/>
  </testcase> <!-- verifyCompanyNameInAboutWindowOption -->
  <testcase classname="test_package.LoginPage_TestingClass" name="verifyloginTest" time="0.0">
    <ignored/>
  </testcase> <!-- verifyloginTest -->
</testsuite> <!-- Test_1 -->
