<?xml version="1.0" encoding="UTF-8"?>
<!-- Generated by org.testng.reporters.JUnitXMLReporter -->
<testsuite ignored="0" hostname="MSI" failures="0" tests="4" name="ChromTest1" time="147.441" errors="0" timestamp="2025-03-11T17:13:36 IST">
  <testcase classname="test_package.HomePage_TestingClass" name="verifyUserCreationData" time="34.681"/>
  <testcase classname="test_package.HomePage_TestingClass" name="verifyAdminOption" time="4.89"/>
  <testcase classname="test_package.HomePage_TestingClass" name="verifyCompanyNameInAboutWindowOption" time="9.371"/>
  <testcase classname="test_package.HomePage_TestingClass" name="verifyEmployeeTableData" time="10.542"/>
</testsuite> <!-- ChromTest1 -->
