<?xml version="1.0" encoding="UTF-8"?>
<!-- Generated by org.testng.reporters.JUnitXMLReporter -->
<testsuite ignored="0" hostname="MSI" failures="1" tests="1" name="ChromTest1" time="13.265" errors="0" timestamp="2025-07-02T19:09:48 IST">
  <testcase classname="test_package.LoginPage_TestingClass" name="verifyloginTest" time="0.0">
    <failure type="org.testng.TestNGException" message="
Method public void test_package.LoginPage_TestingClass.verifyloginTest(java.lang.String,java.lang.String,java.lang.String) throws java.lang.InterruptedException requires a @DataProvider named : logindata">
      <![CDATA[org.testng.TestNGException: 
Method public void test_package.LoginPage_TestingClass.verifyloginTest(java.lang.String,java.lang.String,java.lang.String) throws java.lang.InterruptedException requires a @DataProvider named : logindata
at java.base/java.util.ArrayList.forEach(ArrayList.java:1596)
... Removed 28 stack frames]]>
    </failure>
  </testcase> <!-- verifyloginTest -->
</testsuite> <!-- ChromTest1 -->
