<?xml version="1.0" encoding="UTF-8"?>
<testng-results ignored="0" total="5" passed="5" failed="0" skipped="0">
  <reporter-output>
    <line>
      <![CDATA[UserName Entered]]>
    </line>
    <line>
      <![CDATA[Password Entered]]>
    </line>
    <line>
      <![CDATA[Login button Clicked]]>
    </line>
  </reporter-output>
  <suite started-at="2026-01-23T14:00:40 IST" name="Suite1" finished-at="2026-01-23T14:02:01 IST" duration-ms="80572">
    <groups>
      <group name="Smoke">
        <method signature="LoginPage_TestingClass.verifyloginTest()[pri:-1, instance:test_package.LoginPage_TestingClass@478190fc]" name="verifyloginTest" class="test_package.LoginPage_TestingClass"/>
        <method signature="HomePage_TestingClass.verifyCompanyNameInAboutWindowOption()[pri:2, instance:test_package.HomePage_TestingClass@49ec71f8]" name="verifyCompanyNameInAboutWindowOption" class="test_package.HomePage_TestingClass"/>
      </group> <!-- Smoke -->
    </groups>
    <test started-at="2026-01-23T14:00:40 IST" name="Test_1" finished-at="2026-01-23T14:02:01 IST" duration-ms="80572">
      <class name="test_package.LoginPage_TestingClass">
        <test-method is-config="true" signature="launchApplication()[pri:0, instance:test_package.LoginPage_TestingClass@478190fc]" started-at="2026-01-23T14:00:45 IST" name="launchApplication" finished-at="2026-01-23T14:00:52 IST" duration-ms="7202" status="PASS">
          <reporter-output>
          </reporter-output>
        </test-method> <!-- launchApplication -->
        <test-method signature="verifyloginTest()[pri:-1, instance:test_package.LoginPage_TestingClass@478190fc]" started-at="2026-01-23T14:00:52 IST" name="verifyloginTest" finished-at="2026-01-23T14:01:09 IST" duration-ms="16823" status="PASS">
          <reporter-output>
          </reporter-output>
        </test-method> <!-- verifyloginTest -->
        <test-method signature="verifyloginTest()[pri:-1, instance:test_package.LoginPage_TestingClass@478190fc]" started-at="2026-01-23T14:01:09 IST" name="verifyloginTest" finished-at="2026-01-23T14:01:14 IST" duration-ms="5040" status="PASS">
          <reporter-output>
          </reporter-output>
        </test-method> <!-- verifyloginTest -->
        <test-method signature="verifyloginTest()[pri:-1, instance:test_package.LoginPage_TestingClass@478190fc]" started-at="2026-01-23T14:01:15 IST" name="verifyloginTest" finished-at="2026-01-23T14:01:19 IST" duration-ms="4443" status="PASS">
          <reporter-output>
          </reporter-output>
        </test-method> <!-- verifyloginTest -->
        <test-method signature="verifyloginTest()[pri:-1, instance:test_package.LoginPage_TestingClass@478190fc]" started-at="2026-01-23T14:01:19 IST" name="verifyloginTest" finished-at="2026-01-23T14:01:24 IST" duration-ms="4571" status="PASS">
          <reporter-output>
          </reporter-output>
        </test-method> <!-- verifyloginTest -->
        <test-method is-config="true" signature="cleanObjects()[pri:0, instance:test_package.LoginPage_TestingClass@478190fc]" started-at="2026-01-23T14:01:24 IST" name="cleanObjects" finished-at="2026-01-23T14:01:24 IST" duration-ms="1" status="PASS">
          <reporter-output>
          </reporter-output>
        </test-method> <!-- cleanObjects -->
        <test-method is-config="true" signature="closedBrowser()[pri:0, instance:test_package.LoginPage_TestingClass@478190fc]" started-at="2026-01-23T14:02:01 IST" name="closedBrowser" finished-at="2026-01-23T14:02:01 IST" duration-ms="1" status="FAIL">
          <exception class="java.lang.NullPointerException">
            <message>
              <![CDATA[Cannot invoke "org.openqa.selenium.WebDriver.quit()" because "test_package.LoginPage_TestingClass.driver" is null]]>
            </message>
            <full-stacktrace>
              <![CDATA[java.lang.NullPointerException: Cannot invoke "org.openqa.selenium.WebDriver.quit()" because "test_package.LoginPage_TestingClass.driver" is null
at test_package.LoginPage_TestingClass.closedBrowser(LoginPage_TestingClass.java:409)
at java.base/jdk.internal.reflect.DirectMethodHandleAccessor.invoke(DirectMethodHandleAccessor.java:103)
at java.base/java.lang.reflect.Method.invoke(Method.java:580)
at org.testng.internal.invokers.MethodInvocationHelper.invokeMethod(MethodInvocationHelper.java:139)
at org.testng.internal.invokers.MethodInvocationHelper.invokeMethodConsideringTimeout(MethodInvocationHelper.java:69)
at org.testng.internal.invokers.ConfigInvoker.invokeConfigurationMethod(ConfigInvoker.java:390)
at org.testng.internal.invokers.ConfigInvoker.invokeConfigurations(ConfigInvoker.java:325)
at org.testng.TestRunner.invokeTestConfigurations(TestRunner.java:663)
at org.testng.TestRunner.afterRun(TestRunner.java:933)
at org.testng.TestRunner.run(TestRunner.java:624)
at org.testng.SuiteRunner.runTest(SuiteRunner.java:443)
at org.testng.SuiteRunner.runSequentially(SuiteRunner.java:437)
at org.testng.SuiteRunner.privateRun(SuiteRunner.java:397)
at org.testng.SuiteRunner.run(SuiteRunner.java:336)
at org.testng.SuiteRunnerWorker.runSuite(SuiteRunnerWorker.java:52)
at org.testng.SuiteRunnerWorker.run(SuiteRunnerWorker.java:95)
at org.testng.TestNG.runSuitesSequentially(TestNG.java:1280)
at org.testng.TestNG.runSuitesLocally(TestNG.java:1200)
at org.testng.TestNG.runSuites(TestNG.java:1114)
at org.testng.TestNG.run(TestNG.java:1082)
at org.apache.maven.surefire.testng.TestNGExecutor.run(TestNGExecutor.java:308)
at org.apache.maven.surefire.testng.TestNGXmlTestSuite.execute(TestNGXmlTestSuite.java:71)
at org.apache.maven.surefire.testng.TestNGProvider.invoke(TestNGProvider.java:113)
at org.apache.maven.surefire.booter.ForkedBooter.runSuitesInProcess(ForkedBooter.java:385)
at org.apache.maven.surefire.booter.ForkedBooter.execute(ForkedBooter.java:162)
at org.apache.maven.surefire.booter.ForkedBooter.run(ForkedBooter.java:507)
at org.apache.maven.surefire.booter.ForkedBooter.main(ForkedBooter.java:495)
]]>
            </full-stacktrace>
          </exception> <!-- java.lang.NullPointerException -->
          <reporter-output>
          </reporter-output>
        </test-method> <!-- closedBrowser -->
      </class> <!-- test_package.LoginPage_TestingClass -->
      <class name="test_package.HomePage_TestingClass">
        <test-method is-config="true" signature="launchBrowser(java.lang.String)[pri:0, instance:test_package.HomePage_TestingClass@49ec71f8]" started-at="2026-01-23T14:00:41 IST" name="launchBrowser" finished-at="2026-01-23T14:00:45 IST" duration-ms="4595" status="PASS">
          <params>
            <param index="0">
              <value>
                <![CDATA[chrome]]>
              </value>
            </param>
          </params>
          <reporter-output>
          </reporter-output>
        </test-method> <!-- launchBrowser -->
        <test-method is-config="true" signature="launchApplication()[pri:0, instance:test_package.HomePage_TestingClass@49ec71f8]" started-at="2026-01-23T14:01:24 IST" name="launchApplication" finished-at="2026-01-23T14:01:28 IST" duration-ms="3736" status="PASS">
          <reporter-output>
          </reporter-output>
        </test-method> <!-- launchApplication -->
        <test-method is-config="true" signature="LoginInToTheApplication()[pri:0, instance:test_package.HomePage_TestingClass@49ec71f8]" started-at="2026-01-23T14:01:28 IST" name="LoginInToTheApplication" finished-at="2026-01-23T14:01:40 IST" duration-ms="12093" status="PASS">
          <reporter-output>
            <line>
              <![CDATA[UserName Entered]]>
            </line>
            <line>
              <![CDATA[Password Entered]]>
            </line>
            <line>
              <![CDATA[Login button Clicked]]>
            </line>
          </reporter-output>
        </test-method> <!-- LoginInToTheApplication -->
        <test-method signature="verifyCompanyNameInAboutWindowOption()[pri:2, instance:test_package.HomePage_TestingClass@49ec71f8]" started-at="2026-01-23T14:01:40 IST" name="verifyCompanyNameInAboutWindowOption" finished-at="2026-01-23T14:01:50 IST" duration-ms="9865" status="PASS">
          <reporter-output>
          </reporter-output>
        </test-method> <!-- verifyCompanyNameInAboutWindowOption -->
        <test-method is-config="true" signature="ClosedTheApplication()[pri:0, instance:test_package.HomePage_TestingClass@49ec71f8]" started-at="2026-01-23T14:01:50 IST" name="ClosedTheApplication" finished-at="2026-01-23T14:02:00 IST" duration-ms="10480" status="PASS">
          <reporter-output>
          </reporter-output>
        </test-method> <!-- ClosedTheApplication -->
        <test-method is-config="true" signature="cleanObjects()[pri:0, instance:test_package.HomePage_TestingClass@49ec71f8]" started-at="2026-01-23T14:02:00 IST" name="cleanObjects" finished-at="2026-01-23T14:02:00 IST" duration-ms="1" status="PASS">
          <reporter-output>
          </reporter-output>
        </test-method> <!-- cleanObjects -->
        <test-method is-config="true" signature="closedBrowser()[pri:0, instance:test_package.HomePage_TestingClass@49ec71f8]" started-at="2026-01-23T14:02:00 IST" name="closedBrowser" finished-at="2026-01-23T14:02:01 IST" duration-ms="313" status="PASS">
          <reporter-output>
          </reporter-output>
        </test-method> <!-- closedBrowser -->
      </class> <!-- test_package.HomePage_TestingClass -->
    </test> <!-- Test_1 -->
  </suite> <!-- Suite1 -->
</testng-results>
