<?xml version="1.0" encoding="UTF-8"?>
<testng-results ignored="0" total="2" passed="2" failed="0" skipped="0">
  <reporter-output>
    <line>
      <![CDATA[UserName Entered]]>
    </line>
    <line>
      <![CDATA[Password Entered]]>
    </line>
    <line>
      <![CDATA[Login button Clicked]]>
    </line>
    <line>
      <![CDATA[UserName Entered]]>
    </line>
    <line>
      <![CDATA[Password Entered]]>
    </line>
    <line>
      <![CDATA[Login button Clicked]]>
    </line>
  </reporter-output>
  <suite started-at="2026-01-29T16:21:37 IST" name="Suite1" finished-at="2026-01-29T16:24:03 IST" duration-ms="146136">
    <groups>
      <group name="Regression">
        <method signature="HomePage_TestingClass.validateFileUploadAndImageUpload()[pri:3, instance:test_package.HomePage_TestingClass@8dbdac1]" name="validateFileUploadAndImageUpload" class="test_package.HomePage_TestingClass"/>
        <method signature="HomePage_TestingClass.validateInfoImageupdated()[pri:4, instance:test_package.HomePage_TestingClass@8dbdac1]" name="validateInfoImageupdated" class="test_package.HomePage_TestingClass"/>
      </group> <!-- Regression -->
    </groups>
    <test started-at="2026-01-29T16:21:37 IST" name="Test_1" finished-at="2026-01-29T16:24:03 IST" duration-ms="146136">
      <class name="test_package.LoginPage_TestingClass">
        <test-method is-config="true" signature="setupSuite()[pri:0, instance:test_package.LoginPage_TestingClass@6c80d78a]" started-at="2026-01-29T16:21:35 IST" name="setupSuite" finished-at="2026-01-29T16:21:37 IST" duration-ms="2140" status="PASS">
          <reporter-output>
          </reporter-output>
        </test-method> <!-- setupSuite -->
        <test-method is-config="true" signature="tearDownSuite()[pri:0, instance:test_package.LoginPage_TestingClass@6c80d78a]" started-at="2026-01-29T16:24:03 IST" name="tearDownSuite" finished-at="2026-01-29T16:24:03 IST" duration-ms="152" status="PASS">
          <reporter-output>
          </reporter-output>
        </test-method> <!-- tearDownSuite -->
      </class> <!-- test_package.LoginPage_TestingClass -->
      <class name="test_package.HomePage_TestingClass">
        <test-method is-config="true" signature="launchApplication()[pri:0, instance:test_package.HomePage_TestingClass@8dbdac1]" started-at="2026-01-29T16:21:37 IST" name="launchApplication" finished-at="2026-01-29T16:21:46 IST" duration-ms="8592" status="PASS">
          <reporter-output>
          </reporter-output>
        </test-method> <!-- launchApplication -->
        <test-method is-config="true" signature="LoginInToTheApplication()[pri:0, instance:test_package.HomePage_TestingClass@8dbdac1]" started-at="2026-01-29T16:21:46 IST" name="LoginInToTheApplication" finished-at="2026-01-29T16:21:57 IST" duration-ms="11325" status="PASS">
          <reporter-output>
            <line>
              <![CDATA[UserName Entered]]>
            </line>
            <line>
              <![CDATA[Password Entered]]>
            </line>
            <line>
              <![CDATA[Login button Clicked]]>
            </line>
          </reporter-output>
        </test-method> <!-- LoginInToTheApplication -->
        <test-method signature="validateFileUploadAndImageUpload()[pri:3, instance:test_package.HomePage_TestingClass@8dbdac1]" started-at="2026-01-29T16:21:57 IST" name="validateFileUploadAndImageUpload" finished-at="2026-01-29T16:22:41 IST" duration-ms="43656" status="PASS">
          <reporter-output>
          </reporter-output>
        </test-method> <!-- validateFileUploadAndImageUpload -->
        <test-method is-config="true" signature="ClosedTheApplication()[pri:0, instance:test_package.HomePage_TestingClass@8dbdac1]" started-at="2026-01-29T16:22:41 IST" name="ClosedTheApplication" finished-at="2026-01-29T16:22:48 IST" duration-ms="7529" status="PASS">
          <reporter-output>
          </reporter-output>
        </test-method> <!-- ClosedTheApplication -->
        <test-method is-config="true" signature="LoginInToTheApplication()[pri:0, instance:test_package.HomePage_TestingClass@8dbdac1]" started-at="2026-01-29T16:22:48 IST" name="LoginInToTheApplication" finished-at="2026-01-29T16:23:05 IST" duration-ms="16304" status="PASS">
          <reporter-output>
            <line>
              <![CDATA[UserName Entered]]>
            </line>
            <line>
              <![CDATA[Password Entered]]>
            </line>
            <line>
              <![CDATA[Login button Clicked]]>
            </line>
          </reporter-output>
        </test-method> <!-- LoginInToTheApplication -->
        <test-method signature="validateInfoImageupdated()[pri:4, instance:test_package.HomePage_TestingClass@8dbdac1]" started-at="2026-01-29T16:23:05 IST" name="validateInfoImageupdated" finished-at="2026-01-29T16:23:58 IST" duration-ms="53406" status="PASS">
          <reporter-output>
          </reporter-output>
        </test-method> <!-- validateInfoImageupdated -->
        <test-method is-config="true" signature="ClosedTheApplication()[pri:0, instance:test_package.HomePage_TestingClass@8dbdac1]" started-at="2026-01-29T16:23:58 IST" name="ClosedTheApplication" finished-at="2026-01-29T16:24:03 IST" duration-ms="4858" status="PASS">
          <reporter-output>
          </reporter-output>
        </test-method> <!-- ClosedTheApplication -->
        <test-method is-config="true" signature="cleanObjects()[pri:0, instance:test_package.HomePage_TestingClass@8dbdac1]" started-at="2026-01-29T16:24:03 IST" name="cleanObjects" finished-at="2026-01-29T16:24:03 IST" duration-ms="1" status="PASS">
          <reporter-output>
          </reporter-output>
        </test-method> <!-- cleanObjects -->
      </class> <!-- test_package.HomePage_TestingClass -->
    </test> <!-- Test_1 -->
  </suite> <!-- Suite1 -->
</testng-results>
