<?xml version="1.0" encoding="UTF-8"?>
<testsuite xmlns:xsi="http://www.w3.org/2001/XMLSchema-instance" xsi:noNamespaceSchemaLocation="https://maven.apache.org/surefire/maven-surefire-plugin/xsd/surefire-test-report-3.0.xsd" version="3.0" name="TestSuite" time="83.002" tests="5" errors="0" skipped="0" failures="0">
  <properties>
[...]
</properties>
  <testcase name="verifyloginTest" classname="test_package.LoginPage_TestingClass" time="15.732">
    <system-out><![CDATA[01:19:19 INFO  [main] Project-Practice:43 - ===== Test Suite Started =====
01:19:23 INFO  [main] Project-Practice:53 - Chrome Browser launched successfully
This is the test Scenario : OnStart Test_1
24-01-2026 01.19.23 
ENV = QA
COUNTRY = India
KEY = QA_India
]]></system-out>
    <system-err><![CDATA[SLF4J: Failed to load class "org.slf4j.impl.StaticLoggerBinder".
SLF4J: Defaulting to no-operation (NOP) logger implementation
SLF4J: See http://www.slf4j.org/codes.html#StaticLoggerBinder for further details.
Jan 24, 2026 1:19:23 AM org.openqa.selenium.devtools.CdpVersionFinder findNearestMatch
WARNING: Unable to find CDP implementation matching 144
Jan 24, 2026 1:19:23 AM org.openqa.selenium.chromium.ChromiumDriver lambda$new$5
WARNING: Unable to find version of CDP to use for 144.0.7559.97. You may need to include a dependency on a specific version of the CDP using something similar to `org.seleniumhq.selenium:selenium-devtools-v86:4.16.0` where the version ("v86") matches the version of the chromium-based browser you're using and the version number of the artifact is the same as Selenium's.
ERROR StatusLogger Log4j2 could not find a logging implementation. Please add log4j-core to the classpath. Using SimpleLogger to log to the console...
]]></system-err>
  </testcase>
  <testcase name="verifyloginTest" classname="test_package.LoginPage_TestingClass" time="5.785"/>
  <testcase name="verifyloginTest" classname="test_package.LoginPage_TestingClass" time="4.367"/>
  <testcase name="verifyloginTest" classname="test_package.LoginPage_TestingClass" time="5.312"/>
  <testcase name="verifyCompanyNameInAboutWindowOption" classname="test_package.HomePage_TestingClass" time="9.594">
    <system-out><![CDATA[Objects are cleaned Successfully
ENV = QA
COUNTRY = India
KEY = QA_India
01:20:10 INFO  [main] HomePage_TestingClass:154 - Application is Launching
01:20:10 INFO  [main] HomePage_TestingClass:169 - Entering Username
UserName Entered
01:20:13 INFO  [main] HomePage_TestingClass:173 - Entering Password
Password Entered
01:20:17 INFO  [main] HomePage_TestingClass:177 - Clicking on logging button
Login button Clicked
01:20:27 INFO  [main] HomePage_TestingClass:221 - company value matched - TC passed
]]></system-out>
  </testcase>
</testsuite>