<?xml version="1.0" encoding="UTF-8"?>
<testsuite xmlns:xsi="http://www.w3.org/2001/XMLSchema-instance" xsi:noNamespaceSchemaLocation="https://maven.apache.org/surefire/maven-surefire-plugin/xsd/surefire-test-report-3.0.xsd" version="3.0" name="TestSuite" time="148.954" tests="2" errors="0" skipped="0" failures="0">
  <properties>
[...]
</properties>
  <testcase name="validateFileUploadAndImageUpload" classname="test_package.HomePage_TestingClass" time="43.794">
    <system-out><![CDATA[16:21:35 INFO  [main] Project-Practice:47 - ===== Test Suite Started =====
16:21:35 INFO  [main] Project-Practice:69 - Running Chrome in HEADLESS mode
16:21:37 INFO  [main] Project-Practice:84 - Chrome Browser launched successfully
This is the test Scenario : OnStart Test_1
29-01-2026 16.21.37 
ENV = QA
COUNTRY = India
KEY = QA_India
16:21:46 INFO  [main] Project-Practice:155 - Application is Launching
16:21:46 INFO  [main] Project-Practice:170 - Entering Username
UserName Entered
16:21:49 INFO  [main] Project-Practice:174 - Entering Password
Password Entered
16:21:52 INFO  [main] Project-Practice:178 - Clicking on logging button
Login button Clicked
16:22:12 INFO  [main] HomePageOrangeHRM:667 - pimOption Clicking
16:22:15 INFO  [main] HomePageOrangeHRM:677 - configurationdropdown Clicking
16:22:22 INFO  [main] HomePageOrangeHRM:687 - dataImport option is clicked
16:22:26 INFO  [main] Project-Practice:359 - File path sent directly to input
16:22:26 INFO  [main] HomePageOrangeHRM:708 - Clicking on File upload button
16:22:31 INFO  [main] Project-Practice:379 - Toast message is verifying
16:22:31 INFO  [main] HomePageOrangeHRM:726 - Clicking on OkButton
16:22:36 INFO  [main] HomePageOrangeHRM:735 - Clicking on AddEmployeeTab
16:22:40 INFO  [main] HomePageOrangeHRM:741 - First name is entering
16:22:41 INFO  [main] HomePageOrangeHRM:748 - Last name is entering
16:22:41 INFO  [main] HomePageOrangeHRM:754 - Employee Id is entering
16:22:41 INFO  [main] Project-Practice:437 - Image path sent directly to input
16:22:41 INFO  [main] HomePageOrangeHRM:763 - Clicking on addEmployeeSaveButton
]]></system-out>
    <system-err><![CDATA[SLF4J: Failed to load class "org.slf4j.impl.StaticLoggerBinder".
SLF4J: Defaulting to no-operation (NOP) logger implementation
SLF4J: See http://www.slf4j.org/codes.html#StaticLoggerBinder for further details.
Jan 29, 2026 4:21:37 PM org.openqa.selenium.devtools.CdpVersionFinder findNearestMatch
WARNING: Unable to find CDP implementation matching 144
Jan 29, 2026 4:21:37 PM org.openqa.selenium.chromium.ChromiumDriver lambda$new$5
WARNING: Unable to find version of CDP to use for 144.0.7559.110. You may need to include a dependency on a specific version of the CDP using something similar to `org.seleniumhq.selenium:selenium-devtools-v86:4.16.0` where the version ("v86") matches the version of the chromium-based browser you're using and the version number of the artifact is the same as Selenium's.
ERROR StatusLogger Log4j2 could not find a logging implementation. Please add log4j-core to the classpath. Using SimpleLogger to log to the console...
]]></system-err>
  </testcase>
  <testcase name="validateInfoImageupdated" classname="test_package.HomePage_TestingClass" time="53.528">
    <system-out><![CDATA[Clicking ON Account Drop-Down
Application Logged-Out Succesfully
16:22:48 INFO  [main] Project-Practice:170 - Entering Username
UserName Entered
16:22:57 INFO  [main] Project-Practice:174 - Entering Password
Password Entered
16:23:00 INFO  [main] Project-Practice:178 - Clicking on logging button
Login button Clicked
16:23:34 INFO  [main] HomePageOrangeHRM:698 - Clicking on MyInfoOption
16:23:45 INFO  [main] HomePageOrangeHRM:771 - Clicking on image at MyInfo
16:23:50 INFO  [main] Project-Practice:484 - Image path sent directly to input
16:23:50 INFO  [main] HomePageOrangeHRM:781 - Clicking on myInfoSaveButton
16:23:57 INFO  [main] Project-Practice:507 - Toast message is verifying
16:23:57 INFO  [main] Project-Practice:508 - Image is successfully uploaded at MyInfoOption
]]></system-out>
  </testcase>
</testsuite>