<?xml version="1.0" encoding="UTF-8"?>
<testng-results ignored="0" total="5" passed="5" failed="0" skipped="0">
  <reporter-output>
    <line>
      <![CDATA[UserName Entered]]>
    </line>
    <line>
      <![CDATA[Password Entered]]>
    </line>
    <line>
      <![CDATA[Login button Clicked]]>
    </line>
  </reporter-output>
  <suite started-at="2026-01-24T01:16:30 IST" name="Suite1" finished-at="2026-01-24T01:17:41 IST" duration-ms="70949">
    <groups>
      <group name="Smoke">
        <method signature="LoginPage_TestingClass.verifyloginTest()[pri:-1, instance:test_package.LoginPage_TestingClass@765d7657]" name="verifyloginTest" class="test_package.LoginPage_TestingClass"/>
        <method signature="HomePage_TestingClass.verifyCompanyNameInAboutWindowOption()[pri:2, instance:test_package.HomePage_TestingClass@61d6015a]" name="verifyCompanyNameInAboutWindowOption" class="test_package.HomePage_TestingClass"/>
      </group> <!-- Smoke -->
    </groups>
    <test started-at="2026-01-24T01:16:30 IST" name="Test_1" finished-at="2026-01-24T01:17:41 IST" duration-ms="70949">
      <class name="test_package.LoginPage_TestingClass">
        <test-method is-config="true" signature="setupSuite()[pri:0, instance:test_package.LoginPage_TestingClass@765d7657]" started-at="2026-01-24T01:15:37 IST" name="setupSuite" finished-at="2026-01-24T01:16:30 IST" duration-ms="52835" status="PASS">
          <reporter-output>
          </reporter-output>
        </test-method> <!-- setupSuite -->
        <test-method is-config="true" signature="launchApplication()[pri:0, instance:test_package.LoginPage_TestingClass@765d7657]" started-at="2026-01-24T01:16:31 IST" name="launchApplication" finished-at="2026-01-24T01:16:38 IST" duration-ms="7212" status="PASS">
          <reporter-output>
          </reporter-output>
        </test-method> <!-- launchApplication -->
        <test-method signature="verifyloginTest()[pri:-1, instance:test_package.LoginPage_TestingClass@765d7657]" started-at="2026-01-24T01:16:38 IST" name="verifyloginTest" finished-at="2026-01-24T01:16:53 IST" duration-ms="15346" status="PASS">
          <reporter-output>
          </reporter-output>
        </test-method> <!-- verifyloginTest -->
        <test-method signature="verifyloginTest()[pri:-1, instance:test_package.LoginPage_TestingClass@765d7657]" started-at="2026-01-24T01:16:54 IST" name="verifyloginTest" finished-at="2026-01-24T01:16:58 IST" duration-ms="4556" status="PASS">
          <reporter-output>
          </reporter-output>
        </test-method> <!-- verifyloginTest -->
        <test-method signature="verifyloginTest()[pri:-1, instance:test_package.LoginPage_TestingClass@765d7657]" started-at="2026-01-24T01:16:58 IST" name="verifyloginTest" finished-at="2026-01-24T01:17:03 IST" duration-ms="4148" status="PASS">
          <reporter-output>
          </reporter-output>
        </test-method> <!-- verifyloginTest -->
        <test-method signature="verifyloginTest()[pri:-1, instance:test_package.LoginPage_TestingClass@765d7657]" started-at="2026-01-24T01:17:03 IST" name="verifyloginTest" finished-at="2026-01-24T01:17:07 IST" duration-ms="4466" status="PASS">
          <reporter-output>
          </reporter-output>
        </test-method> <!-- verifyloginTest -->
        <test-method is-config="true" signature="cleanObjects()[pri:0, instance:test_package.LoginPage_TestingClass@765d7657]" started-at="2026-01-24T01:17:08 IST" name="cleanObjects" finished-at="2026-01-24T01:17:08 IST" duration-ms="1" status="PASS">
          <reporter-output>
          </reporter-output>
        </test-method> <!-- cleanObjects -->
        <test-method is-config="true" signature="tearDownSuite()[pri:0, instance:test_package.LoginPage_TestingClass@765d7657]" started-at="2026-01-24T01:17:42 IST" name="tearDownSuite" finished-at="2026-01-24T01:17:42 IST" duration-ms="390" status="PASS">
          <reporter-output>
          </reporter-output>
        </test-method> <!-- tearDownSuite -->
      </class> <!-- test_package.LoginPage_TestingClass -->
      <class name="test_package.HomePage_TestingClass">
        <test-method is-config="true" signature="launchApplication()[pri:0, instance:test_package.HomePage_TestingClass@61d6015a]" started-at="2026-01-24T01:17:08 IST" name="launchApplication" finished-at="2026-01-24T01:17:11 IST" duration-ms="3748" status="PASS">
          <reporter-output>
          </reporter-output>
        </test-method> <!-- launchApplication -->
        <test-method is-config="true" signature="LoginInToTheApplication()[pri:0, instance:test_package.HomePage_TestingClass@61d6015a]" started-at="2026-01-24T01:17:11 IST" name="LoginInToTheApplication" finished-at="2026-01-24T01:17:24 IST" duration-ms="12236" status="PASS">
          <reporter-output>
            <line>
              <![CDATA[UserName Entered]]>
            </line>
            <line>
              <![CDATA[Password Entered]]>
            </line>
            <line>
              <![CDATA[Login button Clicked]]>
            </line>
          </reporter-output>
        </test-method> <!-- LoginInToTheApplication -->
        <test-method signature="verifyCompanyNameInAboutWindowOption()[pri:2, instance:test_package.HomePage_TestingClass@61d6015a]" started-at="2026-01-24T01:17:24 IST" name="verifyCompanyNameInAboutWindowOption" finished-at="2026-01-24T01:17:33 IST" duration-ms="9485" status="PASS">
          <reporter-output>
          </reporter-output>
        </test-method> <!-- verifyCompanyNameInAboutWindowOption -->
        <test-method is-config="true" signature="ClosedTheApplication()[pri:0, instance:test_package.HomePage_TestingClass@61d6015a]" started-at="2026-01-24T01:17:33 IST" name="ClosedTheApplication" finished-at="2026-01-24T01:17:41 IST" duration-ms="7631" status="PASS">
          <reporter-output>
          </reporter-output>
        </test-method> <!-- ClosedTheApplication -->
        <test-method is-config="true" signature="cleanObjects()[pri:0, instance:test_package.HomePage_TestingClass@61d6015a]" started-at="2026-01-24T01:17:41 IST" name="cleanObjects" finished-at="2026-01-24T01:17:41 IST" duration-ms="2" status="PASS">
          <reporter-output>
          </reporter-output>
        </test-method> <!-- cleanObjects -->
      </class> <!-- test_package.HomePage_TestingClass -->
    </test> <!-- Test_1 -->
  </suite> <!-- Suite1 -->
</testng-results>
