<?xml version="1.0" encoding="UTF-8"?>
<testng-results ignored="0" total="3" passed="2" failed="1" skipped="0">
  <reporter-output>
    <line>
      <![CDATA[UserName Entered]]>
    </line>
    <line>
      <![CDATA[Password Entered]]>
    </line>
    <line>
      <![CDATA[Login button Clicked]]>
    </line>
    <line>
      <![CDATA[UserName Entered]]>
    </line>
    <line>
      <![CDATA[Password Entered]]>
    </line>
    <line>
      <![CDATA[Login button Clicked]]>
    </line>
    <line>
      <![CDATA[UserName Entered]]>
    </line>
    <line>
      <![CDATA[Password Entered]]>
    </line>
    <line>
      <![CDATA[Login button Clicked]]>
    </line>
  </reporter-output>
  <suite started-at="2026-01-28T00:41:17 IST" name="Suite1" finished-at="2026-01-28T00:44:21 IST" duration-ms="184107">
    <groups>
      <group name="Sanity">
        <method signature="HomePage_TestingClass.verifyAdminOption()[pri:-1, instance:test_package.HomePage_TestingClass@61d6015a]" name="verifyAdminOption" class="test_package.HomePage_TestingClass"/>
        <method signature="HomePage_TestingClass.verifyUserCreationData()[pri:1, instance:test_package.HomePage_TestingClass@61d6015a]" name="verifyUserCreationData" class="test_package.HomePage_TestingClass"/>
        <method signature="HomePage_TestingClass.verifyEmployeeTableData()[pri:9, instance:test_package.HomePage_TestingClass@61d6015a]" name="verifyEmployeeTableData" class="test_package.HomePage_TestingClass"/>
      </group> <!-- Sanity -->
    </groups>
    <test started-at="2026-01-28T00:41:17 IST" name="Test_1" finished-at="2026-01-28T00:44:21 IST" duration-ms="184107">
      <class name="test_package.LoginPage_TestingClass">
        <test-method is-config="true" signature="setupSuite()[pri:0, instance:test_package.LoginPage_TestingClass@765d7657]" started-at="2026-01-28T00:41:14 IST" name="setupSuite" finished-at="2026-01-28T00:41:17 IST" duration-ms="3157" status="PASS">
          <reporter-output>
          </reporter-output>
        </test-method> <!-- setupSuite -->
        <test-method is-config="true" signature="tearDownSuite()[pri:0, instance:test_package.LoginPage_TestingClass@765d7657]" started-at="2026-01-28T00:44:22 IST" name="tearDownSuite" finished-at="2026-01-28T00:44:24 IST" duration-ms="1116" status="PASS">
          <reporter-output>
          </reporter-output>
        </test-method> <!-- tearDownSuite -->
      </class> <!-- test_package.LoginPage_TestingClass -->
      <class name="test_package.HomePage_TestingClass">
        <test-method is-config="true" signature="launchApplication()[pri:0, instance:test_package.HomePage_TestingClass@61d6015a]" started-at="2026-01-28T00:41:18 IST" name="launchApplication" finished-at="2026-01-28T00:41:35 IST" duration-ms="17619" status="PASS">
          <reporter-output>
          </reporter-output>
        </test-method> <!-- launchApplication -->
        <test-method is-config="true" signature="LoginInToTheApplication()[pri:0, instance:test_package.HomePage_TestingClass@61d6015a]" started-at="2026-01-28T00:41:35 IST" name="LoginInToTheApplication" finished-at="2026-01-28T00:41:48 IST" duration-ms="12186" status="PASS">
          <reporter-output>
            <line>
              <![CDATA[UserName Entered]]>
            </line>
            <line>
              <![CDATA[Password Entered]]>
            </line>
            <line>
              <![CDATA[Login button Clicked]]>
            </line>
          </reporter-output>
        </test-method> <!-- LoginInToTheApplication -->
        <test-method signature="verifyAdminOption()[pri:-1, instance:test_package.HomePage_TestingClass@61d6015a]" started-at="2026-01-28T00:41:48 IST" name="verifyAdminOption" finished-at="2026-01-28T00:41:54 IST" duration-ms="6705" status="PASS">
          <reporter-output>
          </reporter-output>
        </test-method> <!-- verifyAdminOption -->
        <test-method is-config="true" signature="ClosedTheApplication()[pri:0, instance:test_package.HomePage_TestingClass@61d6015a]" started-at="2026-01-28T00:41:55 IST" name="ClosedTheApplication" finished-at="2026-01-28T00:42:03 IST" duration-ms="8319" status="PASS">
          <reporter-output>
          </reporter-output>
        </test-method> <!-- ClosedTheApplication -->
        <test-method is-config="true" signature="LoginInToTheApplication()[pri:0, instance:test_package.HomePage_TestingClass@61d6015a]" started-at="2026-01-28T00:42:03 IST" name="LoginInToTheApplication" finished-at="2026-01-28T00:42:15 IST" duration-ms="12157" status="PASS">
          <reporter-output>
            <line>
              <![CDATA[UserName Entered]]>
            </line>
            <line>
              <![CDATA[Password Entered]]>
            </line>
            <line>
              <![CDATA[Login button Clicked]]>
            </line>
          </reporter-output>
        </test-method> <!-- LoginInToTheApplication -->
        <test-method signature="verifyUserCreationData()[pri:1, instance:test_package.HomePage_TestingClass@61d6015a]" started-at="2026-01-28T00:42:15 IST" name="verifyUserCreationData" finished-at="2026-01-28T00:43:33 IST" duration-ms="77683" status="FAIL">
          <exception class="org.openqa.selenium.TimeoutException">
            <message>
              <![CDATA[Expected condition failed: waiting for element to be clickable: Proxy element for: DefaultElementLocator 'By.xpath: //p[text()='Successfully Saved']' (tried for 20 second(s) with 500 milliseconds interval)]]>
            </message>
            <full-stacktrace>
              <![CDATA[org.openqa.selenium.TimeoutException: Expected condition failed: waiting for element to be clickable: Proxy element for: DefaultElementLocator 'By.xpath: //p[text()='Successfully Saved']' (tried for 20 second(s) with 500 milliseconds interval)
at org.openqa.selenium.support.ui.WebDriverWait.timeoutException(WebDriverWait.java:84)
at org.openqa.selenium.support.ui.FluentWait.until(FluentWait.java:229)
at pom_package.HomePageOrangeHRM.getSaveToastMessage(HomePageOrangeHRM.java:590)
at test_package.HomePage_TestingClass.verifyUserCreationData(HomePage_TestingClass.java:301)
at java.base/jdk.internal.reflect.DirectMethodHandleAccessor.invoke(DirectMethodHandleAccessor.java:103)
at java.base/java.lang.reflect.Method.invoke(Method.java:580)
at org.testng.internal.invokers.MethodInvocationHelper.invokeMethod(MethodInvocationHelper.java:139)
at org.testng.internal.invokers.TestInvoker.invokeMethod(TestInvoker.java:664)
at org.testng.internal.invokers.TestInvoker.invokeTestMethod(TestInvoker.java:227)
at org.testng.internal.invokers.MethodRunner.runInSequence(MethodRunner.java:50)
at org.testng.internal.invokers.TestInvoker$MethodInvocationAgent.invoke(TestInvoker.java:957)
at org.testng.internal.invokers.TestInvoker.invokeTestMethods(TestInvoker.java:200)
at org.testng.internal.invokers.TestMethodWorker.invokeTestMethods(TestMethodWorker.java:148)
at org.testng.internal.invokers.TestMethodWorker.run(TestMethodWorker.java:128)
at java.base/java.util.ArrayList.forEach(ArrayList.java:1596)
at org.testng.TestRunner.privateRun(TestRunner.java:848)
at org.testng.TestRunner.run(TestRunner.java:621)
at org.testng.SuiteRunner.runTest(SuiteRunner.java:443)
at org.testng.SuiteRunner.runSequentially(SuiteRunner.java:437)
at org.testng.SuiteRunner.privateRun(SuiteRunner.java:397)
at org.testng.SuiteRunner.run(SuiteRunner.java:336)
at org.testng.SuiteRunnerWorker.runSuite(SuiteRunnerWorker.java:52)
at org.testng.SuiteRunnerWorker.run(SuiteRunnerWorker.java:95)
at org.testng.TestNG.runSuitesSequentially(TestNG.java:1280)
at org.testng.TestNG.runSuitesLocally(TestNG.java:1200)
at org.testng.TestNG.runSuites(TestNG.java:1114)
at org.testng.TestNG.run(TestNG.java:1082)
at org.testng.remote.AbstractRemoteTestNG.run(AbstractRemoteTestNG.java:115)
at org.testng.remote.RemoteTestNG.initAndRun(RemoteTestNG.java:251)
at org.testng.remote.RemoteTestNG.main(RemoteTestNG.java:77)
Caused by: org.openqa.selenium.NoSuchElementException: no such element: Unable to locate element: {"method":"xpath","selector":"//p[text()='Successfully Saved']"}
  (Session info: chrome=144.0.7559.97)
For documentation on this error, please visit: https://www.selenium.dev/documentation/webdriver/troubleshooting/errors#no-such-element-exception
Build info: version: '4.16.0', revision: '15400459dd*'
System info: os.name: 'Windows 11', os.arch: 'amd64', os.version: '10.0', java.version: '21.0.2'
Driver info: org.openqa.selenium.chrome.ChromeDriver
Command: [7a3b92923a5f7296d3505ef963b5b629, findElement {using=xpath, value=//p[text()='Successfully Saved']}]
Capabilities {acceptInsecureCerts: false, browserName: chrome, browserVersion: 144.0.7559.97, chrome: {chromedriverVersion: 144.0.7559.96 (d7b80622cfab..., userDataDir: C:\Users\parih\AppData\Loca...}, fedcm:accounts: true, goog:chromeOptions: {debuggerAddress: localhost:53626}, goog:processID: 8648, networkConnectionEnabled: false, pageLoadStrategy: normal, platformName: windows, proxy: Proxy(), se:cdp: ws://localhost:53626/devtoo..., se:cdpVersion: 144.0.7559.97, setWindowRect: true, strictFileInteractability: false, timeouts: {implicit: 0, pageLoad: 300000, script: 30000}, unhandledPromptBehavior: dismiss and notify, webauthn:extension:credBlob: true, webauthn:extension:largeBlob: true, webauthn:extension:minPinLength: true, webauthn:extension:prf: true, webauthn:virtualAuthenticators: true}
Session ID: 7a3b92923a5f7296d3505ef963b5b629
at java.base/jdk.internal.reflect.DirectConstructorHandleAccessor.newInstance(DirectConstructorHandleAccessor.java:62)
at java.base/java.lang.reflect.Constructor.newInstanceWithCaller(Constructor.java:502)
at java.base/java.lang.reflect.Constructor.newInstance(Constructor.java:486)
at org.openqa.selenium.remote.codec.w3c.W3CHttpResponseCodec.createException(W3CHttpResponseCodec.java:200)
at org.openqa.selenium.remote.codec.w3c.W3CHttpResponseCodec.decode(W3CHttpResponseCodec.java:133)
at org.openqa.selenium.remote.codec.w3c.W3CHttpResponseCodec.decode(W3CHttpResponseCodec.java:52)
at org.openqa.selenium.remote.HttpCommandExecutor.execute(HttpCommandExecutor.java:191)
at org.openqa.selenium.remote.service.DriverCommandExecutor.invokeExecute(DriverCommandExecutor.java:200)
at org.openqa.selenium.remote.service.DriverCommandExecutor.execute(DriverCommandExecutor.java:175)
at org.openqa.selenium.remote.RemoteWebDriver.execute(RemoteWebDriver.java:523)
at org.openqa.selenium.remote.ElementLocation$ElementFinder$2.findElement(ElementLocation.java:165)
at org.openqa.selenium.remote.ElementLocation.findElement(ElementLocation.java:59)
at org.openqa.selenium.remote.RemoteWebDriver.findElement(RemoteWebDriver.java:360)
at org.openqa.selenium.remote.RemoteWebDriver.findElement(RemoteWebDriver.java:354)
at org.openqa.selenium.support.pagefactory.DefaultElementLocator.findElement(DefaultElementLocator.java:68)
at org.openqa.selenium.support.pagefactory.internal.LocatingElementHandler.invoke(LocatingElementHandler.java:38)
at jdk.proxy2/jdk.proxy2.$Proxy18.isDisplayed(Unknown Source)
at org.openqa.selenium.support.ui.ExpectedConditions.elementIfVisible(ExpectedConditions.java:304)
at org.openqa.selenium.support.ui.ExpectedConditions$10.apply(ExpectedConditions.java:290)
at org.openqa.selenium.support.ui.ExpectedConditions$10.apply(ExpectedConditions.java:287)
at org.openqa.selenium.support.ui.ExpectedConditions$23.apply(ExpectedConditions.java:656)
at org.openqa.selenium.support.ui.ExpectedConditions$23.apply(ExpectedConditions.java:652)
at org.openqa.selenium.support.ui.FluentWait.until(FluentWait.java:204)
... 28 more
]]>
            </full-stacktrace>
          </exception> <!-- org.openqa.selenium.TimeoutException -->
          <reporter-output>
          </reporter-output>
        </test-method> <!-- verifyUserCreationData -->
        <test-method is-config="true" signature="ClosedTheApplication()[pri:0, instance:test_package.HomePage_TestingClass@61d6015a]" started-at="2026-01-28T00:43:33 IST" name="ClosedTheApplication" finished-at="2026-01-28T00:43:42 IST" duration-ms="8277" status="PASS">
          <reporter-output>
          </reporter-output>
        </test-method> <!-- ClosedTheApplication -->
        <test-method is-config="true" signature="LoginInToTheApplication()[pri:0, instance:test_package.HomePage_TestingClass@61d6015a]" started-at="2026-01-28T00:43:42 IST" name="LoginInToTheApplication" finished-at="2026-01-28T00:43:54 IST" duration-ms="12222" status="PASS">
          <reporter-output>
            <line>
              <![CDATA[UserName Entered]]>
            </line>
            <line>
              <![CDATA[Password Entered]]>
            </line>
            <line>
              <![CDATA[Login button Clicked]]>
            </line>
          </reporter-output>
        </test-method> <!-- LoginInToTheApplication -->
        <test-method signature="verifyEmployeeTableData()[pri:9, instance:test_package.HomePage_TestingClass@61d6015a]" started-at="2026-01-28T00:43:54 IST" name="verifyEmployeeTableData" finished-at="2026-01-28T00:44:12 IST" duration-ms="18369" status="PASS">
          <reporter-output>
          </reporter-output>
        </test-method> <!-- verifyEmployeeTableData -->
        <test-method is-config="true" signature="ClosedTheApplication()[pri:0, instance:test_package.HomePage_TestingClass@61d6015a]" started-at="2026-01-28T00:44:13 IST" name="ClosedTheApplication" finished-at="2026-01-28T00:44:21 IST" duration-ms="8366" status="PASS">
          <reporter-output>
          </reporter-output>
        </test-method> <!-- ClosedTheApplication -->
        <test-method is-config="true" signature="cleanObjects()[pri:0, instance:test_package.HomePage_TestingClass@61d6015a]" started-at="2026-01-28T00:44:21 IST" name="cleanObjects" finished-at="2026-01-28T00:44:21 IST" duration-ms="4" status="PASS">
          <reporter-output>
          </reporter-output>
        </test-method> <!-- cleanObjects -->
      </class> <!-- test_package.HomePage_TestingClass -->
    </test> <!-- Test_1 -->
  </suite> <!-- Suite1 -->
</testng-results>
