<?xml version="1.0" encoding="UTF-8"?>
<testng-results ignored="0" total="3" passed="3" failed="0" skipped="0">
  <reporter-output>
    <line>
      <![CDATA[UserName Entered]]>
    </line>
    <line>
      <![CDATA[Password Entered]]>
    </line>
    <line>
      <![CDATA[Login button Clicked]]>
    </line>
    <line>
      <![CDATA[UserName Entered]]>
    </line>
    <line>
      <![CDATA[Password Entered]]>
    </line>
    <line>
      <![CDATA[Login button Clicked]]>
    </line>
    <line>
      <![CDATA[UserName Entered]]>
    </line>
    <line>
      <![CDATA[Password Entered]]>
    </line>
    <line>
      <![CDATA[Login button Clicked]]>
    </line>
  </reporter-output>
  <suite started-at="2026-01-29T23:18:38 IST" name="Suite1" finished-at="2026-01-29T23:21:12 IST" duration-ms="154384">
    <groups>
      <group name="Sanity">
        <method signature="HomePage_TestingClass.verifyAdminOption()[pri:-1, instance:test_package.HomePage_TestingClass@36fc695d]" name="verifyAdminOption" class="test_package.HomePage_TestingClass"/>
        <method signature="HomePage_TestingClass.verifyUserCreationData()[pri:1, instance:test_package.HomePage_TestingClass@36fc695d]" name="verifyUserCreationData" class="test_package.HomePage_TestingClass"/>
        <method signature="HomePage_TestingClass.verifyEmployeeTableData()[pri:9, instance:test_package.HomePage_TestingClass@36fc695d]" name="verifyEmployeeTableData" class="test_package.HomePage_TestingClass"/>
      </group> <!-- Sanity -->
    </groups>
    <test started-at="2026-01-29T23:18:38 IST" name="Test_1" finished-at="2026-01-29T23:21:12 IST" duration-ms="154384">
      <class name="test_package.LoginPage_TestingClass">
        <test-method is-config="true" signature="setupSuite()[pri:0, instance:test_package.LoginPage_TestingClass@618b19ad]" started-at="2026-01-29T23:18:36 IST" name="setupSuite" finished-at="2026-01-29T23:18:38 IST" duration-ms="1862" status="PASS">
          <reporter-output>
          </reporter-output>
        </test-method> <!-- setupSuite -->
        <test-method is-config="true" signature="tearDownSuite()[pri:0, instance:test_package.LoginPage_TestingClass@618b19ad]" started-at="2026-01-29T23:21:12 IST" name="tearDownSuite" finished-at="2026-01-29T23:21:13 IST" duration-ms="211" status="PASS">
          <reporter-output>
          </reporter-output>
        </test-method> <!-- tearDownSuite -->
      </class> <!-- test_package.LoginPage_TestingClass -->
      <class name="test_package.HomePage_TestingClass">
        <test-method is-config="true" signature="launchApplication()[pri:0, instance:test_package.HomePage_TestingClass@36fc695d]" started-at="2026-01-29T23:18:38 IST" name="launchApplication" finished-at="2026-01-29T23:18:57 IST" duration-ms="19452" status="PASS">
          <reporter-output>
          </reporter-output>
        </test-method> <!-- launchApplication -->
        <test-method is-config="true" signature="LoginInToTheApplication()[pri:0, instance:test_package.HomePage_TestingClass@36fc695d]" started-at="2026-01-29T23:18:57 IST" name="LoginInToTheApplication" finished-at="2026-01-29T23:19:10 IST" duration-ms="12558" status="PASS">
          <reporter-output>
            <line>
              <![CDATA[UserName Entered]]>
            </line>
            <line>
              <![CDATA[Password Entered]]>
            </line>
            <line>
              <![CDATA[Login button Clicked]]>
            </line>
          </reporter-output>
        </test-method> <!-- LoginInToTheApplication -->
        <test-method signature="verifyAdminOption()[pri:-1, instance:test_package.HomePage_TestingClass@36fc695d]" started-at="2026-01-29T23:19:10 IST" name="verifyAdminOption" finished-at="2026-01-29T23:19:26 IST" duration-ms="15942" status="PASS">
          <reporter-output>
          </reporter-output>
        </test-method> <!-- verifyAdminOption -->
        <test-method is-config="true" signature="ClosedTheApplication()[pri:0, instance:test_package.HomePage_TestingClass@36fc695d]" started-at="2026-01-29T23:19:26 IST" name="ClosedTheApplication" finished-at="2026-01-29T23:19:30 IST" duration-ms="3947" status="PASS">
          <reporter-output>
          </reporter-output>
        </test-method> <!-- ClosedTheApplication -->
        <test-method is-config="true" signature="LoginInToTheApplication()[pri:0, instance:test_package.HomePage_TestingClass@36fc695d]" started-at="2026-01-29T23:19:30 IST" name="LoginInToTheApplication" finished-at="2026-01-29T23:19:43 IST" duration-ms="13301" status="PASS">
          <reporter-output>
            <line>
              <![CDATA[UserName Entered]]>
            </line>
            <line>
              <![CDATA[Password Entered]]>
            </line>
            <line>
              <![CDATA[Login button Clicked]]>
            </line>
          </reporter-output>
        </test-method> <!-- LoginInToTheApplication -->
        <test-method signature="verifyUserCreationData()[pri:1, instance:test_package.HomePage_TestingClass@36fc695d]" started-at="2026-01-29T23:19:43 IST" name="verifyUserCreationData" finished-at="2026-01-29T23:20:41 IST" duration-ms="57309" status="PASS">
          <reporter-output>
          </reporter-output>
        </test-method> <!-- verifyUserCreationData -->
        <test-method is-config="true" signature="ClosedTheApplication()[pri:0, instance:test_package.HomePage_TestingClass@36fc695d]" started-at="2026-01-29T23:20:41 IST" name="ClosedTheApplication" finished-at="2026-01-29T23:20:43 IST" duration-ms="1952" status="PASS">
          <reporter-output>
          </reporter-output>
        </test-method> <!-- ClosedTheApplication -->
        <test-method is-config="true" signature="LoginInToTheApplication()[pri:0, instance:test_package.HomePage_TestingClass@36fc695d]" started-at="2026-01-29T23:20:43 IST" name="LoginInToTheApplication" finished-at="2026-01-29T23:20:55 IST" duration-ms="11957" status="PASS">
          <reporter-output>
            <line>
              <![CDATA[UserName Entered]]>
            </line>
            <line>
              <![CDATA[Password Entered]]>
            </line>
            <line>
              <![CDATA[Login button Clicked]]>
            </line>
          </reporter-output>
        </test-method> <!-- LoginInToTheApplication -->
        <test-method signature="verifyEmployeeTableData()[pri:9, instance:test_package.HomePage_TestingClass@36fc695d]" started-at="2026-01-29T23:20:55 IST" name="verifyEmployeeTableData" finished-at="2026-01-29T23:21:10 IST" duration-ms="15316" status="PASS">
          <reporter-output>
          </reporter-output>
        </test-method> <!-- verifyEmployeeTableData -->
        <test-method is-config="true" signature="ClosedTheApplication()[pri:0, instance:test_package.HomePage_TestingClass@36fc695d]" started-at="2026-01-29T23:21:10 IST" name="ClosedTheApplication" finished-at="2026-01-29T23:21:12 IST" duration-ms="1906" status="PASS">
          <reporter-output>
          </reporter-output>
        </test-method> <!-- ClosedTheApplication -->
        <test-method is-config="true" signature="cleanObjects()[pri:0, instance:test_package.HomePage_TestingClass@36fc695d]" started-at="2026-01-29T23:21:12 IST" name="cleanObjects" finished-at="2026-01-29T23:21:12 IST" duration-ms="1" status="PASS">
          <reporter-output>
          </reporter-output>
        </test-method> <!-- cleanObjects -->
      </class> <!-- test_package.HomePage_TestingClass -->
    </test> <!-- Test_1 -->
  </suite> <!-- Suite1 -->
</testng-results>
