<?xml version="1.0" encoding="UTF-8"?>
<testng-results ignored="0" total="4" passed="4" failed="0" skipped="0">
  <reporter-output>
  </reporter-output>
  <suite started-at="2025-03-11T20:11:14 IST" name="Suite" finished-at="2025-03-11T20:11:53 IST" duration-ms="38895">
    <groups>
    </groups>
    <test started-at="2025-03-11T20:11:14 IST" name="ChromTest1" finished-at="2025-03-11T20:11:53 IST" duration-ms="38895">
      <class name="test_package.LoginPage_TestingClass">
        <test-method is-config="true" signature="launchBrowser(java.lang.String)[pri:0, instance:test_package.LoginPage_TestingClass@217ed35e]" started-at="2025-03-11T20:11:14 IST" name="launchBrowser" finished-at="2025-03-11T20:11:18 IST" duration-ms="4007" status="PASS">
          <params>
            <param index="0">
              <value>
                <![CDATA[chrome]]>
              </value>
            </param>
          </params>
          <reporter-output>
          </reporter-output>
        </test-method> <!-- launchBrowser -->
        <test-method is-config="true" signature="launchApplication()[pri:0, instance:test_package.LoginPage_TestingClass@217ed35e]" started-at="2025-03-11T20:11:18 IST" name="launchApplication" finished-at="2025-03-11T20:11:25 IST" duration-ms="6274" status="PASS">
          <reporter-output>
          </reporter-output>
        </test-method> <!-- launchApplication -->
        <test-method signature="VerifyloginTest(java.lang.String,java.lang.String,java.lang.String)[pri:0, instance:test_package.LoginPage_TestingClass@217ed35e]" started-at="2025-03-11T20:11:26 IST" name="VerifyloginTest" data-provider="loginData" finished-at="2025-03-11T20:11:37 IST" duration-ms="11063" status="PASS">
          <params>
            <param index="0">
              <value>
                <![CDATA[Admin]]>
              </value>
            </param>
            <param index="1">
              <value>
                <![CDATA[admin123]]>
              </value>
            </param>
            <param index="2">
              <value>
                <![CDATA[Valid]]>
              </value>
            </param>
          </params>
          <reporter-output>
          </reporter-output>
        </test-method> <!-- VerifyloginTest -->
        <test-method signature="VerifyloginTest(java.lang.String,java.lang.String,java.lang.String)[pri:0, instance:test_package.LoginPage_TestingClass@217ed35e]" started-at="2025-03-11T20:11:37 IST" name="VerifyloginTest" data-provider="loginData" finished-at="2025-03-11T20:11:42 IST" duration-ms="5324" status="PASS">
          <params>
            <param index="0">
              <value>
                <![CDATA[admin]]>
              </value>
            </param>
            <param index="1">
              <value>
                <![CDATA[admin124]]>
              </value>
            </param>
            <param index="2">
              <value>
                <![CDATA[Invalid]]>
              </value>
            </param>
          </params>
          <reporter-output>
          </reporter-output>
        </test-method> <!-- VerifyloginTest -->
        <test-method signature="VerifyloginTest(java.lang.String,java.lang.String,java.lang.String)[pri:0, instance:test_package.LoginPage_TestingClass@217ed35e]" started-at="2025-03-11T20:11:42 IST" name="VerifyloginTest" data-provider="loginData" finished-at="2025-03-11T20:11:47 IST" duration-ms="5339" status="PASS">
          <params>
            <param index="0">
              <value>
                <![CDATA[Admin1]]>
              </value>
            </param>
            <param index="1">
              <value>
                <![CDATA[Admin127]]>
              </value>
            </param>
            <param index="2">
              <value>
                <![CDATA[Invalid]]>
              </value>
            </param>
          </params>
          <reporter-output>
          </reporter-output>
        </test-method> <!-- VerifyloginTest -->
        <test-method signature="VerifyloginTest(java.lang.String,java.lang.String,java.lang.String)[pri:0, instance:test_package.LoginPage_TestingClass@217ed35e]" started-at="2025-03-11T20:11:47 IST" name="VerifyloginTest" data-provider="loginData" finished-at="2025-03-11T20:11:53 IST" duration-ms="5332" status="PASS">
          <params>
            <param index="0">
              <value>
                <![CDATA[admin]]>
              </value>
            </param>
            <param index="1">
              <value>
                <![CDATA[Admin23]]>
              </value>
            </param>
            <param index="2">
              <value>
                <![CDATA[Invalid]]>
              </value>
            </param>
          </params>
          <reporter-output>
          </reporter-output>
        </test-method> <!-- VerifyloginTest -->
        <test-method is-config="true" signature="cleanObjects()[pri:0, instance:test_package.LoginPage_TestingClass@217ed35e]" started-at="2025-03-11T20:11:53 IST" name="cleanObjects" finished-at="2025-03-11T20:11:53 IST" duration-ms="1" status="PASS">
          <reporter-output>
          </reporter-output>
        </test-method> <!-- cleanObjects -->
        <test-method is-config="true" signature="closedBrowser()[pri:0, instance:test_package.LoginPage_TestingClass@217ed35e]" started-at="2025-03-11T20:11:53 IST" name="closedBrowser" finished-at="2025-03-11T20:11:53 IST" duration-ms="256" status="PASS">
          <reporter-output>
          </reporter-output>
        </test-method> <!-- closedBrowser -->
      </class> <!-- test_package.LoginPage_TestingClass -->
    </test> <!-- ChromTest1 -->
  </suite> <!-- Suite -->
</testng-results>
