<?xml version="1.0" encoding="UTF-8"?>
<!-- Generated by org.testng.reporters.JUnitReportReporter -->
<testsuite hostname="MSI" failures="0" tests="4" name="test_package.HomePage_TestingClass" time="134.442" errors="0" timestamp="2025-03-11T19:43:39 IST" skipped="0">
  <testcase classname="test_package.HomePage_TestingClass" name="verifyUserCreationData" time="54.715"/>
  <testcase classname="test_package.HomePage_TestingClass" name="verifyAdminOption" time="24.734">
    <system-out>
      <![CDATA[Admin Urls matched successfully]]>
    </system-out>
  </testcase> <!-- verifyAdminOption -->
  <testcase classname="test_package.HomePage_TestingClass" name="verifyCompanyNameInAboutWindowOption" time="29.974"/>
  <testcase classname="test_package.HomePage_TestingClass" name="verifyEmployeeTableData" time="25.019"/>
  <system-out>
    <![CDATA[UserName Entered
Password Entered
Login button Clicked
UserName Entered
Password Entered
Login button Clicked
Admin Urls matched successfully
UserName Entered
Password Entered
Login button Clicked
UserName Entered
Password Entered
Login button Clicked]]>
  </system-out>
</testsuite> <!-- test_package.HomePage_TestingClass -->
