<?xml version="1.0" encoding="UTF-8"?>
<!-- Generated by org.testng.reporters.JUnitReportReporter -->
<testsuite hostname="MSI" failures="0" tests="3" name="test_package.HomePage_TestingClass" time="134.188" errors="0" timestamp="2026-01-29T23:21:13 IST" skipped="0">
  <testcase classname="test_package.HomePage_TestingClass" name="verifyAdminOption" time="29.851"/>
  <testcase classname="test_package.HomePage_TestingClass" name="verifyUserCreationData" time="73.814"/>
  <testcase classname="test_package.HomePage_TestingClass" name="verifyEmployeeTableData" time="30.523"/>
  <system-out>
    <![CDATA[UserName Entered
Password Entered
Login button Clicked
UserName Entered
Password Entered
Login button Clicked
UserName Entered
Password Entered
Login button Clicked]]>
  </system-out>
</testsuite> <!-- test_package.HomePage_TestingClass -->
