<?xml version="1.0" encoding="UTF-8"?>
<!-- Generated by org.testng.reporters.JUnitReportReporter -->
<testsuite hostname="MSI" failures="0" tests="6" name="test_package.HomePage_TestingClass" time="247.854" errors="0" timestamp="2026-01-13T23:38:00 IST" skipped="0">
  <testcase classname="test_package.HomePage_TestingClass" name="verifyAdminOption" time="25.358"/>
  <testcase classname="test_package.HomePage_TestingClass" name="verifyUserCreationData" time="65.357"/>
  <testcase classname="test_package.HomePage_TestingClass" name="verifyCompanyNameInAboutWindowOption" time="27.754"/>
  <testcase classname="test_package.HomePage_TestingClass" name="validateFileUploadAndImageUpload" time="56.168"/>
  <testcase classname="test_package.HomePage_TestingClass" name="validateInfoImageupdated" time="41.534"/>
  <testcase classname="test_package.HomePage_TestingClass" name="verifyEmployeeTableData" time="31.683"/>
  <system-out>
    <![CDATA[UserName Entered
Password Entered
Login button Clicked
UserName Entered
Password Entered
Login button Clicked
UserName Entered
Password Entered
Login button Clicked
UserName Entered
Password Entered
Login button Clicked
UserName Entered
Password Entered
Login button Clicked
UserName Entered
Password Entered
Login button Clicked]]>
  </system-out>
</testsuite> <!-- test_package.HomePage_TestingClass -->
