<?xml version="1.0" encoding="UTF-8"?>
<!-- Generated by org.testng.reporters.JUnitReportReporter -->
<testsuite hostname="MSI" failures="0" tests="4" name="test_package.LoginPage_TestingClass" time="28.516" errors="0" timestamp="2026-01-24T01:17:43 IST" skipped="0">
  <testcase classname="test_package.LoginPage_TestingClass" name="verifyloginTest" time="4.148"/>
  <testcase classname="test_package.LoginPage_TestingClass" name="verifyloginTest" time="15.346"/>
  <testcase classname="test_package.LoginPage_TestingClass" name="verifyloginTest" time="4.556"/>
  <testcase classname="test_package.LoginPage_TestingClass" name="verifyloginTest" time="4.466"/>
  <system-out>
    <![CDATA[UserName Entered
Password Entered
Login button Clicked]]>
  </system-out>
</testsuite> <!-- test_package.LoginPage_TestingClass -->
