<?xml version="1.0" encoding="UTF-8"?>
<!-- Generated by org.testng.reporters.JUnitReportReporter -->
<testsuite hostname="MSI" failures="0" tests="2" name="test_package.HomePage_TestingClass" time="137.078" errors="0" timestamp="2026-01-29T16:24:04 IST" skipped="0">
  <testcase classname="test_package.HomePage_TestingClass" name="validateFileUploadAndImageUpload" time="62.510"/>
  <testcase classname="test_package.HomePage_TestingClass" name="validateInfoImageupdated" time="74.568"/>
  <system-out>
    <![CDATA[UserName Entered
Password Entered
Login button Clicked
UserName Entered
Password Entered
Login button Clicked]]>
  </system-out>
</testsuite> <!-- test_package.HomePage_TestingClass -->
