<?xml version="1.0" encoding="UTF-8"?>
<!-- Generated by org.testng.reporters.JUnitReportReporter -->
<testsuite hostname="MSI" failures="0" tests="1" name="test_package.HomePage_TestingClass" time="61.424" errors="0" timestamp="2025-05-25T00:37:49 IST" skipped="0">
  <testcase classname="test_package.HomePage_TestingClass" name="validateFileUploadAndImageUpload" time="61.424"/>
  <system-out>
    <![CDATA[UserName Entered
Password Entered
Login button Clicked]]>
  </system-out>
</testsuite> <!-- test_package.HomePage_TestingClass -->
